<?xml version="1.0" encoding="UTF-8"?>
<!-- Generated by org.testng.reporters.JUnitXMLReporter -->
<testsuite ignored="0" hostname="DESKTOP-EVNKM3L" failures="0" tests="2" name="Default test" time="0.037" errors="0" timestamp="2022-05-09T17:12:37 IST">
  <testcase classname="MavenExample.ReadingDataFromCommandLineTest" name="readingDataFromCommandLineTest" time="0.006"/>
  <testcase classname="MavenExample.ReadingDataFromCommandLineTest" name="regressionTest" time="0.001"/>
</testsuite> <!-- Default test -->
