<?xml version="1.0" encoding="UTF-8"?>
<!-- Generated by org.testng.reporters.JUnitXMLReporter -->
<testsuite ignored="1" hostname="DESKTOP-EVNKM3L" failures="0" tests="1" name="Test" time="0.026" errors="0" timestamp="09 May 2022 11:20:52 GMT">
  <testcase classname="MavenExample.ReadingDataFromCommandLineTest" name="regressionTest" time="0.008"/>
  <testcase classname="MavenExample.ReadingDataFromCommandLineTest" name="readingDataFromCommandLineTest" time="0.0">
    <ignored/>
  </testcase> <!-- readingDataFromCommandLineTest -->
</testsuite> <!-- Test -->
