<?xml version="1.0" encoding="UTF-8"?>
<testng-results ignored="0" total="2" passed="2" failed="0" skipped="0">
  <reporter-output>
  </reporter-output>
  <suite started-at="2022-05-09T17:12:37 IST" name="Default suite" finished-at="2022-05-09T17:12:37 IST" duration-ms="37">
    <groups>
      <group name="regression">
        <method signature="ReadingDataFromCommandLineTest.regressionTest()[pri:0, instance:MavenExample.ReadingDataFromCommandLineTest@3f6b0be5]" name="regressionTest" class="MavenExample.ReadingDataFromCommandLineTest"/>
      </group> <!-- regression -->
      <group name="smoke">
        <method signature="ReadingDataFromCommandLineTest.readingDataFromCommandLineTest()[pri:0, instance:MavenExample.ReadingDataFromCommandLineTest@3f6b0be5]" name="readingDataFromCommandLineTest" class="MavenExample.ReadingDataFromCommandLineTest"/>
      </group> <!-- smoke -->
    </groups>
    <test started-at="2022-05-09T17:12:37 IST" name="Default test" finished-at="2022-05-09T17:12:37 IST" duration-ms="37">
      <class name="MavenExample.ReadingDataFromCommandLineTest">
        <test-method signature="readingDataFromCommandLineTest()[pri:0, instance:MavenExample.ReadingDataFromCommandLineTest@3f6b0be5]" started-at="2022-05-09T17:12:37 IST" name="readingDataFromCommandLineTest" finished-at="2022-05-09T17:12:37 IST" duration-ms="6" status="PASS">
          <reporter-output>
          </reporter-output>
        </test-method> <!-- readingDataFromCommandLineTest -->
        <test-method signature="regressionTest()[pri:0, instance:MavenExample.ReadingDataFromCommandLineTest@3f6b0be5]" started-at="2022-05-09T17:12:37 IST" name="regressionTest" finished-at="2022-05-09T17:12:37 IST" duration-ms="1" status="PASS">
          <reporter-output>
          </reporter-output>
        </test-method> <!-- regressionTest -->
      </class> <!-- MavenExample.ReadingDataFromCommandLineTest -->
    </test> <!-- Default test -->
  </suite> <!-- Default suite -->
</testng-results>
